{
  "task_name": "beat_block_hammer",
  "task_description": "Pick up the hammer and use it to beat the block on the table once. The hammer is placed at a fixed position on the table,                         but the block is generated randomly on the table. If the block's x coordinate (dim 0) is greater than 0, use the right arm to grasp the hammer,                         else use the left arm. To beat the block, you should place the hammer on the block's functional point                         (i.e., use the place_actor API to align the hammer's contact point with the block's functional point).                         Note: You don't need to Lift the hammer after beating the block, and you don't need to open the gripper or return the arm to origin position.",
  "best_success_rate": 0.6,
  "success_rates": [
    0.6
  ],
  "best_code": "from envs._base_task import Base_Task\nfrom envs.beat_block_hammer import beat_block_hammer\nfrom envs.utils import *\nimport sapien\n\nclass gpt_beat_block_hammer(beat_block_hammer):\n    def play_once(self):\n        # Observation: initial scene state\n        self.save_camera_images(task_name=\"beat_block_hammer\", step_name=\"step0_initial_scene\", generate_num_id=\"generate_num_0\")\n        \n        # Get the block's position to decide which arm to use\n        block_pose = self.block.get_pose()\n        block_x = block_pose.p[0]  # x coordinate\n        \n        # Select arm based on block's x coordinate\n        if block_x > 0:\n            arm_tag = ArmTag(\"right\")\n        else:\n            arm_tag = ArmTag(\"left\")\n        \n        # Step 1: Grasp the hammer\n        # The hammer is at a fixed position on the table\n        self.move(\n            self.grasp_actor(\n                actor=self.hammer,\n                arm_tag=arm_tag,\n                contact_point_id=0,  # Grasp the hammer handle (contact point 0)\n                pre_grasp_dis=0.1,\n                grasp_dis=0\n            )\n        )\n        \n        # Observation: after grasping the hammer\n        self.save_camera_images(task_name=\"beat_block_hammer\", step_name=\"step1_grasp_hammer\", generate_num_id=\"generate_num_0\")\n        \n        # Lift the hammer slightly after grasping to avoid collision\n        self.move(\n            self.move_by_displacement(\n                arm_tag=arm_tag,\n                z=0.07,\n                move_axis='world'\n            )\n        )\n        \n        # Observation: after lifting hammer\n        self.save_camera_images(task_name=\"beat_block_hammer\", step_name=\"step2_lift_hammer\", generate_num_id=\"generate_num_0\")\n        \n        # Step 2: Beat the block by placing the hammer's contact point on the block's functional point\n        # Get the block's top functional point (id=1) as the target for beating\n        target_pose = self.block.get_functional_point(1, \"pose\")\n        \n        # Place the hammer so that its head (functional point 0) aligns with the block's top\n        self.move(\n            self.place_actor(\n                actor=self.hammer,\n                arm_tag=arm_tag,\n                target_pose=target_pose,\n                functional_point_id=0,  # Align hammer head with block's top\n                pre_dis=0.1,\n                dis=0.02,\n                is_open=False,  # Keep gripper closed to maintain hold of the hammer\n                constrain=\"free\",\n                pre_dis_axis='fp'\n            )\n        )\n        \n        # Observation: after beating the block\n        self.save_camera_images(task_name=\"beat_block_hammer\", step_name=\"step3_beat_block\", generate_num_id=\"generate_num_0\")\n        \n        # Note: No need to lift the hammer after beating, no need to open gripper or return arm to origin\n\n'''\nObservation Point Analysis:\n1. Initial scene state before any actions\n2. Grasp the hammer (arm moves to hammer, gripper closes)\n3. Lift hammer slightly after grasping\n4. Beat the block (hammer head placed on block's functional point)\n5. Final scene state after beating\n'''\n",
  "best_run_records": [
    "Plan execution failed",
    "success!",
    "Plan execution failed",
    "success!",
    "Plan execution failed",
    "success!",
    "success!",
    "success!",
    "success!",
    "Plan execution failed"
  ],
  "all_attempts": [
    {
      "attempt_id": 1,
      "success_rate": 0.6,
      "error_message": "Plan execution failed",
      "error_count": 4,
      "code": "from envs._base_task import Base_Task\nfrom envs.beat_block_hammer import beat_block_hammer\nfrom envs.utils import *\nimport sapien\n\nclass gpt_beat_block_hammer(beat_block_hammer):\n    def play_once(self):\n        # Observation: initial scene state\n        self.save_camera_images(task_name=\"beat_block_hammer\", step_name=\"step0_initial_scene\", generate_num_id=\"generate_num_0\")\n        \n        # Get the block's position to decide which arm to use\n        block_pose = self.block.get_pose()\n        block_x = block_pose.p[0]  # x coordinate\n        \n        # Select arm based on block's x coordinate\n        if block_x > 0:\n            arm_tag = ArmTag(\"right\")\n        else:\n            arm_tag = ArmTag(\"left\")\n        \n        # Step 1: Grasp the hammer\n        # The hammer is at a fixed position on the table\n        self.move(\n            self.grasp_actor(\n                actor=self.hammer,\n                arm_tag=arm_tag,\n                contact_point_id=0,  # Grasp the hammer handle (contact point 0)\n                pre_grasp_dis=0.1,\n                grasp_dis=0\n            )\n        )\n        \n        # Observation: after grasping the hammer\n        self.save_camera_images(task_name=\"beat_block_hammer\", step_name=\"step1_grasp_hammer\", generate_num_id=\"generate_num_0\")\n        \n        # Lift the hammer slightly after grasping to avoid collision\n        self.move(\n            self.move_by_displacement(\n                arm_tag=arm_tag,\n                z=0.07,\n                move_axis='world'\n            )\n        )\n        \n        # Observation: after lifting hammer\n        self.save_camera_images(task_name=\"beat_block_hammer\", step_name=\"step2_lift_hammer\", generate_num_id=\"generate_num_0\")\n        \n        # Step 2: Beat the block by placing the hammer's contact point on the block's functional point\n        # Get the block's top functional point (id=1) as the target for beating\n        target_pose = self.block.get_functional_point(1, \"pose\")\n        \n        # Place the hammer so that its head (functional point 0) aligns with the block's top\n        self.move(\n            self.place_actor(\n                actor=self.hammer,\n                arm_tag=arm_tag,\n                target_pose=target_pose,\n                functional_point_id=0,  # Align hammer head with block's top\n                pre_dis=0.1,\n                dis=0.02,\n                is_open=False,  # Keep gripper closed to maintain hold of the hammer\n                constrain=\"free\",\n                pre_dis_axis='fp'\n            )\n        )\n        \n        # Observation: after beating the block\n        self.save_camera_images(task_name=\"beat_block_hammer\", step_name=\"step3_beat_block\", generate_num_id=\"generate_num_0\")\n        \n        # Note: No need to lift the hammer after beating, no need to open gripper or return arm to origin\n\n'''\nObservation Point Analysis:\n1. Initial scene state before any actions\n2. Grasp the hammer (arm moves to hammer, gripper closes)\n3. Lift hammer slightly after grasping\n4. Beat the block (hammer head placed on block's functional point)\n5. Final scene state after beating\n'''\n",
      "run_records": [
        "Plan execution failed",
        "success!",
        "Plan execution failed",
        "success!",
        "Plan execution failed",
        "success!",
        "success!",
        "success!",
        "success!",
        "Plan execution failed"
      ]
    }
  ]
}